ch_organisationen_v.kundennummer;Kundennummer (CH);Kundennummer (CH)
ch_organisationen_v.name;Name (CH);Name (CH)
ch_organisationen_v.namezusatz;Namezusatz (CH);Namezusatz (CH)
ch_organisationen_v.sprache;Sprache (CH);Sprache (CH)
ch_organisationen_v.anzahl_mitarbeiter;Anzahl Mitarbeiter (CH);Anzahl Mitarbeiter (CH)
ch_organisationen_v.telefon;Telefon (CH);Telefon (CH)
ch_organisationen_v.telefax;Telefax (CH);Telefax (CH)
ch_organisationen_v.email;EMail (CH);EMail (CH)
ch_organisationen_v.vsd_strasse;Strasse (CH);Strasse (CH)
ch_organisationen_v.vsd_haus_nr;Haus Nr (CH);Haus Nr (CH)
ch_organisationen_v.vsd_plz;PLZ (CH);PLZ (CH)
ch_organisationen_v.vsd_ort;Ort (CH);Ort (CH)
ch_organisationen_v.vsd_postfach;Postfach (CH);Postfach (CH)
ch_organisationen_v.vsd_landteil;Landteil (CH);Landteil (CH)
ch_organisationen_v.org_land;Land (CH);Land (CH)
ausl_organisationen_v.kundennummer;Kundennummer (AUSLND);Kundennummer (AUSLND)
ausl_organisationen_v.name;Name  (AUSLND);Name  (AUSLND)
ausl_organisationen_v.namezusatz;Namezusatz (AUSLND);Namezusatz (AUSLND)
ausl_organisationen_v.sprache;Sprache (AUSLND);Sprache (AUSLND)
ausl_organisationen_v.telefon;Telefon (AUSLND);Telefon (AUSLND)
ausl_organisationen_v.telefax;Telefax (AUSLND);Telefax (AUSLND)
ausl_organisationen_v.email;EMail (AUSLND);EMail (AUSLND)
ausl_organisationen_v.vsd_strasse;Strasse (AUSLND);Strasse (AUSLND)
ausl_organisationen_v.vsd_haus_nr;Haus Nr. (AUSLND);Haus Nr. (AUSLND)
ausl_organisationen_v.vsd_plz;PLZ (AUSLND);PLZ (AUSLND)
ausl_organisationen_v.vsd_ort;Ort (AUSLND);Ort (AUSLND)
ausl_organisationen_v.vsd_postfach;Postfach (AUSLND);Postfach (AUSLND)
ausl_organisationen_v.vsd_landteil;Landteil (AUSLND);Landteil (AUSLND)
ausl_organisationen_v.org_land;Land (AUSLND);Land (AUSLND)
#include vsa.out
