versand_org_v.versand;versand;versand
versand_org_v.kundennummer;kundennummer;kundennummer
versand_org_v.name_org;name_org;name_org
versand_org_v.namezusatz;namezusatz;namezusatz
versand_org_v.strasse;strasse;strasse
versand_org_v.strasse_2;strasse_2;strasse_2
versand_org_v.strasse_3;strasse_3;strasse_3
versand_org_v.haus_nr;haus_nr;haus_nr
versand_org_v.plz;plz;plz
versand_org_v.ort;ort;ort
versand_org_v.postfach;postfach;postfach
versand_org_v.landteil;landteil;landteil
versand_org_v.land;land;land
versand_org_v.email;email;email
versand_org_v.abteilung;abteilung;abteilung
versand_org_v.briefanrede;briefanrede;briefanrede
versand_org_v.postanschrift;postanschrift;postanschrift
versand_org_v.titel;titel;titel
versand_org_v.name;name;name
versand_org_v.vorname;vorname;vorname
versand_org_v.telefon;telefon;telefon
versand_org_v.email_pers;email_pers;email_pers
versand_org_v.funktion;funktion;funktion
versand_org_v.vip;vip;vip
