versand_v.ORGANISATION_OID;ORGANISATION_OID;ORGANISATION_OID
versand_v.KONTAKTPERSON_OID;KONTAKTPERSON_OID;KONTAKTPERSON_OID
versand_v.versand;versand;versandtyp
versand_v.partnertyp;partnertyp;partnertyp
versand_v.kundennummer;kundennummer;kundennummer
versand_v.name_org;name_org;name_org
versand_v.namezusatz;namezusatz;namezusatz
versand_v.strasse;strasse;strasse
versand_v.strasse_2;strasse_2;strasse_2
versand_v.strasse_3;strasse_3;strasse_3
versand_v.haus_nr;haus_nr;haus_nr
versand_v.plz;plz;plz
versand_v.ort;ort;ort
versand_v.postfach;postfach;postfach
versand_v.landteil;landteil;landteil
versand_v.land;land;land
versand_v.email;email;email
versand_v.abteilung;abteilung;abteilung
versand_v.anrede;anrede;anrede
versand_v.anschrift;anschrift;anschrift
versand_v.titel;titel;titel
versand_v.name;name;name
versand_v.vorname;vorname;vorname
versand_v.telefon;telefon;telefon
versand_v.email_pers;email_pers;email_pers
versand_v.funktion;funktion;funktion
versand_v.vip;vip;vip
versand_v.sprache;sprache;sprache
versand_v.email_emp;EMail Empfänger;EMail Empfänger
